Started on Apr 1, 2012 6:56:02 AM
Using strategy: Default
[poll] Last Build : #389
[poll] Last Built Revision: Revision a62fb3a1f960b28406b99de10a2b69917aa12365 (origin/master)
Fetching changes from the remote Git repositories
Fetching upstream changes from git://github.com/CloudStack/CloudStack.git
ERROR: Problem fetching from origin / origin - could be unavailable. Continuing anyway
[8mha:AAAAWB+LCAAAAAAAAABb85aBtbiIQSmjNKU4P08vOT+vOD8nVc8DzHWtSE4tKMnMz/PLL0ldFVf2c+b/lb5MDAwVRQxSaBqcITRIIQMEMIIUFgAAckCEiWAAAAA=[0mhudson.plugins.git.GitException: Error performing command: git fetch -t git://github.com/CloudStack/CloudStack.git +refs/heads/*:refs/remotes/origin/*
Command "git fetch -t git://github.com/CloudStack/CloudStack.git +refs/heads/*:refs/remotes/origin/*" returned status code 128: fatal: unable to connect to github.com:
github.com[0: 207.97.227.239]: errno=Connection timed out


	at hudson.plugins.git.GitAPI.launchCommandIn(GitAPI.java:776)
	at hudson.plugins.git.GitAPI.launchCommand(GitAPI.java:741)
	at hudson.plugins.git.GitAPI.fetch(GitAPI.java:190)
	at hudson.plugins.git.GitAPI.fetch(GitAPI.java:978)
	at hudson.plugins.git.GitSCM.fetchFrom(GitSCM.java:765)
	at hudson.plugins.git.GitSCM.access$100(GitSCM.java:80)
	at hudson.plugins.git.GitSCM$1.invoke(GitSCM.java:695)
	at hudson.plugins.git.GitSCM$1.invoke(GitSCM.java:682)
	at hudson.FilePath.act(FilePath.java:784)
	at hudson.FilePath.act(FilePath.java:766)
	at hudson.plugins.git.GitSCM.compareRemoteRevisionWith(GitSCM.java:682)
	at hudson.scm.SCM._compareRemoteRevisionWith(SCM.java:356)
	at hudson.scm.SCM.poll(SCM.java:373)
	at hudson.model.AbstractProject.poll(AbstractProject.java:1310)
	at hudson.triggers.SCMTrigger$Runner.runPolling(SCMTrigger.java:420)
	at hudson.triggers.SCMTrigger$Runner.run(SCMTrigger.java:449)
	at hudson.util.SequentialExecutionQueue$QueueEntry.run(SequentialExecutionQueue.java:118)
	at java.util.concurrent.Executors$RunnableAdapter.call(Executors.java:471)
	at java.util.concurrent.FutureTask$Sync.innerRun(FutureTask.java:334)
	at java.util.concurrent.FutureTask.run(FutureTask.java:166)
	at java.util.concurrent.ThreadPoolExecutor.runWorker(ThreadPoolExecutor.java:1110)
	at java.util.concurrent.ThreadPoolExecutor$Worker.run(ThreadPoolExecutor.java:603)
	at java.lang.Thread.run(Thread.java:679)
Caused by: hudson.plugins.git.GitException: Command "git fetch -t git://github.com/CloudStack/CloudStack.git +refs/heads/*:refs/remotes/origin/*" returned status code 128: fatal: unable to connect to github.com:
github.com[0: 207.97.227.239]: errno=Connection timed out


	at hudson.plugins.git.GitAPI.launchCommandIn(GitAPI.java:771)
	... 22 more
Polling for changes in
Done. Took 1 min 4 sec
No changes
