Started on Mar 13, 2012 5:52:23 AM
Using strategy: Default
[poll] Last Build : #1692
[poll] Last Built Revision: Revision 3b303d1a941895294df9a2cd00cbf307fbfcded1 (origin/3.0.x)
Fetching changes from the remote Git repositories
Fetching upstream changes from git://github.com/CloudStack/CloudStack
ERROR: Problem fetching from origin / origin - could be unavailable. Continuing anyway
[8mha:AAAAWB+LCAAAAAAAAABb85aBtbiIQSmjNKU4P08vOT+vOD8nVc8DzHWtSE4tKMnMz/PLL0ldFVf2c+b/lb5MDAwVRQxSaBqcITRIIQMEMIIUFgAAckCEiWAAAAA=[0mhudson.plugins.git.GitException: Error performing command: git fetch -t git://github.com/CloudStack/CloudStack +refs/heads/3.0.x:refs/remotes/origin/3.0.x
Command "git fetch -t git://github.com/CloudStack/CloudStack +refs/heads/3.0.x:refs/remotes/origin/3.0.x" returned status code 128: error: unable to find 0aaf0c2126da66f26f5a8e78f76e7274ea10984d
fatal: object 0aaf0c2126da66f26f5a8e78f76e7274ea10984d not found

	at hudson.plugins.git.GitAPI.launchCommandIn(GitAPI.java:776)
	at hudson.plugins.git.GitAPI.launchCommand(GitAPI.java:741)
	at hudson.plugins.git.GitAPI.fetch(GitAPI.java:190)
	at hudson.plugins.git.GitAPI.fetch(GitAPI.java:978)
	at hudson.plugins.git.GitSCM.fetchFrom(GitSCM.java:765)
	at hudson.plugins.git.GitSCM.access$100(GitSCM.java:80)
	at hudson.plugins.git.GitSCM$1.invoke(GitSCM.java:695)
	at hudson.plugins.git.GitSCM$1.invoke(GitSCM.java:682)
	at hudson.FilePath.act(FilePath.java:784)
	at hudson.FilePath.act(FilePath.java:766)
	at hudson.plugins.git.GitSCM.compareRemoteRevisionWith(GitSCM.java:682)
	at hudson.scm.SCM._compareRemoteRevisionWith(SCM.java:356)
	at hudson.scm.SCM.poll(SCM.java:373)
	at hudson.model.AbstractProject.poll(AbstractProject.java:1310)
	at hudson.triggers.SCMTrigger$Runner.runPolling(SCMTrigger.java:420)
	at hudson.triggers.SCMTrigger$Runner.run(SCMTrigger.java:449)
	at hudson.util.SequentialExecutionQueue$QueueEntry.run(SequentialExecutionQueue.java:118)
	at java.util.concurrent.Executors$RunnableAdapter.call(Executors.java:471)
	at java.util.concurrent.FutureTask$Sync.innerRun(FutureTask.java:334)
	at java.util.concurrent.FutureTask.run(FutureTask.java:166)
	at java.util.concurrent.ThreadPoolExecutor.runWorker(ThreadPoolExecutor.java:1110)
	at java.util.concurrent.ThreadPoolExecutor$Worker.run(ThreadPoolExecutor.java:603)
	at java.lang.Thread.run(Thread.java:679)
Caused by: hudson.plugins.git.GitException: Command "git fetch -t git://github.com/CloudStack/CloudStack +refs/heads/3.0.x:refs/remotes/origin/3.0.x" returned status code 128: error: unable to find 0aaf0c2126da66f26f5a8e78f76e7274ea10984d
fatal: object 0aaf0c2126da66f26f5a8e78f76e7274ea10984d not found

	at hudson.plugins.git.GitAPI.launchCommandIn(GitAPI.java:771)
	... 22 more
Polling for changes in
Done. Took 14 sec
Changes found
